0 info it worked if it ends with ok
1 verbose cli [ '/Users/suwatomohiro/.nodebrew/current/bin/node',
1 verbose cli   '/Users/suwatomohiro/.nodebrew/current/bin/npm',
1 verbose cli   'start' ]
2 info using npm@1.4.28
3 info using node@v0.10.32
4 verbose node symlink /Users/suwatomohiro/.nodebrew/current/bin/node
5 verbose run-script [ 'prestart', 'start', 'poststart' ]
6 info prestart chatApp@0.0.0
7 info start chatApp@0.0.0
8 verbose unsafe-perm in lifecycle true
9 info chatApp@0.0.0 Failed to exec start script
10 error chatApp@0.0.0 start: `node ./bin/www`
10 error Exit status 8
11 error Failed at the chatApp@0.0.0 start script.
11 error This is most likely a problem with the chatApp package,
11 error not with npm itself.
11 error Tell the author that this fails on your system:
11 error     node ./bin/www
11 error You can get their info via:
11 error     npm owner ls chatApp
11 error There is likely additional logging output above.
12 error System Darwin 13.4.0
13 error command "/Users/suwatomohiro/.nodebrew/current/bin/node" "/Users/suwatomohiro/.nodebrew/current/bin/npm" "start"
14 error cwd /Users/suwatomohiro/Sites/chatApp
15 error node -v v0.10.32
16 error npm -v 1.4.28
17 error code ELIFECYCLE
18 verbose exit [ 1, true ]
